<?xml version="1.0" encoding="UTF-8"?>
<testsuites>
  <testsuite name="Adjusted_MMR_feature_verification" timestamp="2019-08-02T11:31:11" time="22.94" tests="12" failures="0" errors="0" skipped="0">
    <properties>
      <property name="specId" value="0"/>
      <property name="suiteName" value="Adjusted MMR feature verification"/>
      <property name="capabilities" value="chrome.75_0_3770_142.macosx"/>
      <property name="file" value="./test/adjustedMmrTest.js"/>
    </properties>
    <testcase classname="chrome.75_0_3770_142.macosx.Adjusted_MMR_feature_verification" name="Adjustments_display_correctly" time="1.994"/>
    <testcase classname="chrome.75_0_3770_142.macosx.Adjusted_MMR_feature_verification" name="Adjusted_MMR_is_displayed_for_Odometer_Adjustment" time="1.387"/>
    <testcase classname="chrome.75_0_3770_142.macosx.Adjusted_MMR_feature_verification" name="Adjusted_MMR_is_displayed_for_Region_Adjustment" time="2.069"/>
    <testcase classname="chrome.75_0_3770_142.macosx.Adjusted_MMR_feature_verification" name="Adjusted_MMR_is_displayed_for_Condition_Adjustment" time="1.424"/>
    <testcase classname="chrome.75_0_3770_142.macosx.Adjusted_MMR_feature_verification" name="Adjusted_MMR_shows_green_arrow_when_greater_than_Average_MMR" time="2.118"/>
    <testcase classname="chrome.75_0_3770_142.macosx.Adjusted_MMR_feature_verification" name="Adjusted_MMR_shows_red_arrow_when_less_than_Average_MMR" time="2.259"/>
    <testcase classname="chrome.75_0_3770_142.macosx.Adjusted_MMR_feature_verification" name="Adjusted_MMR_shows_no_arrow_when_equal_to_Average_MMR" time="1.465"/>
    <testcase classname="chrome.75_0_3770_142.macosx.Adjusted_MMR_feature_verification" name="Adjusted_MMR_show_Not_Adjusted_By_message" time="1.374"/>
    <testcase classname="chrome.75_0_3770_142.macosx.Adjusted_MMR_feature_verification" name="Adjusted_MMR_show_Not_Adjusted_By_message" time="1.279"/>
    <testcase classname="chrome.75_0_3770_142.macosx.Adjusted_MMR_feature_verification" name="Adjusted_MMR_show_Not_Adjusted_By_message" time="1.378"/>
    <testcase classname="chrome.75_0_3770_142.macosx.Adjusted_MMR_feature_verification" name="Adjusted_MMR_show_Not_Adjusted_By_message" time="1.426"/>
    <testcase classname="chrome.75_0_3770_142.macosx.Adjusted_MMR_feature_verification" name="AdjustedMMR_Will_Show_NULL_When_a_MID_Does_Not_Have_A_Valuation" time="2.356"/>
  </testsuite>
</testsuites>