<?xml version="1.0" encoding="UTF-8"?>
<testsuites>
  <testsuite name="manheim_com_page" timestamp="2019-05-20T16:57:11" time="13.394" tests="2" failures="0" errors="0" skipped="0">
    <properties>
      <property name="specId" value="0"/>
      <property name="suiteName" value="manheim.com page"/>
      <property name="capabilities" value="chrome.74_0_3729_157.macosx"/>
      <property name="file" value="./test/sample1.js"/>
    </properties>
    <testcase classname="chrome.74_0_3729_157.macosx.manheim_com_page" name="should_have_the_right_title_Manheim_Auctions" time="10.113"/>
    <testcase classname="chrome.74_0_3729_157.macosx.manheim_com_page" name="should_proceed_to_Login_page" time="3.28"/>
  </testsuite>
</testsuites>